nadlafernandes10
nadlafernandes12345678
nadlafernandes
nadlafernandes12
nadlafernandes13
nadlafernandes1
nadlafernandes14
nadlafernandes15
nadlafernandes16
nadlafernandes16
nadlafernandes18
nadlafernandes19
nadlafernandes10
nadla12
nadla13
nadla14
nadla15
nadla16
nadla17
fernandes
fernandes12
fernandes13
fernandes14
fernandes15
fernandes16
fernandes17
fernandes18
fernandes19
Fernandes1
Fernandes11
Fernandes12
Fernandes13
Fernandes14
Fernandes15
Fernandes16
Fernandes17
Fernandes18
NADLA11
NADLA12
NADLA14
NADLA15
NADLA16
NADLA17
NADLA18
01/08/2009NADLA
01082009nadla
01/08/2009
01082009fernandes
NADLA01082009
01082009
nadlafernandes2024
nadla2024
fernandes2024
fernandes2023
